<?xml version="1.0" encoding="UTF-8"?>
<!-- Generated by org.testng.reporters.JUnitReportReporter -->
<testsuite hostname="DESKTOP-TCCOMSR" failures="0" tests="2" name="datepicker.MakeMyTripDateTest" time="1.720" errors="1" timestamp="2022-12-13T17:14:37 GMT+01:00" skipped="1">
  <testcase classname="datepicker.MakeMyTripDateTest" name="openBrowser" time="1.720">
    <error message="session not created: This version of ChromeDriver only supports Chrome version 103
Current browser version is 108.0.5359.99 with binary path C:\Program Files\Google\Chrome\Application\chrome.exe
Build info: version: &#039;3.141.59&#039;, revision: &#039;e82be7d358&#039;, time: &#039;2018-11-14T08:25:48&#039;
System info: host: &#039;DESKTOP-TCCOMSR&#039;, ip: &#039;10.212.134.204&#039;, os.name: &#039;Windows 10&#039;, os.arch: &#039;amd64&#039;, os.version: &#039;10.0&#039;, java.version: &#039;18.0.1.1&#039;
Driver info: driver.version: ChromeDriver
remote stacktrace: Backtrace:
	Ordinal0 [0x00C96463+2188387]
	Ordinal0 [0x00C2E461+1762401]
	Ordinal0 [0x00B43D78+802168]
	Ordinal0 [0x00B64E59+937561]
	Ordinal0 [0x00B60A6C+920172]
	Ordinal0 [0x00B5E331+910129]
	Ordinal0 [0x00B91430+1119280]
	Ordinal0 [0x00B9108A+1118346]
	Ordinal0 [0x00B8C5F6+1099254]
	Ordinal0 [0x00B66BE0+945120]
	Ordinal0 [0x00B67AD6+948950]
	GetHandleVerifier [0x00F371F2+2712546]
	GetHandleVerifier [0x00F2886D+2652765]
	GetHandleVerifier [0x00D2002A+520730]
	GetHandleVerifier [0x00D1EE06+516086]
	Ordinal0 [0x00C3468B+1787531]
	Ordinal0 [0x00C38E88+1805960]
	Ordinal0 [0x00C38F75+1806197]
	Ordinal0 [0x00C41DF1+1842673]
	BaseThreadInitThunk [0x75DEFEF9+25]
	RtlGetAppContainerNamedObjectPath [0x77E37BBE+286]
	RtlGetAppContainerNamedObjectPath [0x77E37B8E+238]
" type="org.openqa.selenium.SessionNotCreatedException">
      <![CDATA[org.openqa.selenium.SessionNotCreatedException: session not created: This version of ChromeDriver only supports Chrome version 103
Current browser version is 108.0.5359.99 with binary path C:\Program Files\Google\Chrome\Application\chrome.exe
Build info: version: '3.141.59', revision: 'e82be7d358', time: '2018-11-14T08:25:48'
System info: host: 'DESKTOP-TCCOMSR', ip: '10.212.134.204', os.name: 'Windows 10', os.arch: 'amd64', os.version: '10.0', java.version: '18.0.1.1'
Driver info: driver.version: ChromeDriver
remote stacktrace: Backtrace:
Ordinal0 [0x00C96463+2188387]
Ordinal0 [0x00C2E461+1762401]
Ordinal0 [0x00B43D78+802168]
Ordinal0 [0x00B64E59+937561]
Ordinal0 [0x00B60A6C+920172]
Ordinal0 [0x00B5E331+910129]
Ordinal0 [0x00B91430+1119280]
Ordinal0 [0x00B9108A+1118346]
Ordinal0 [0x00B8C5F6+1099254]
Ordinal0 [0x00B66BE0+945120]
Ordinal0 [0x00B67AD6+948950]
GetHandleVerifier [0x00F371F2+2712546]
GetHandleVerifier [0x00F2886D+2652765]
GetHandleVerifier [0x00D2002A+520730]
GetHandleVerifier [0x00D1EE06+516086]
Ordinal0 [0x00C3468B+1787531]
Ordinal0 [0x00C38E88+1805960]
Ordinal0 [0x00C38F75+1806197]
Ordinal0 [0x00C41DF1+1842673]
BaseThreadInitThunk [0x75DEFEF9+25]
RtlGetAppContainerNamedObjectPath [0x77E37BBE+286]
RtlGetAppContainerNamedObjectPath [0x77E37B8E+238]

at java.base/jdk.internal.reflect.DirectConstructorHandleAccessor.newInstance(DirectConstructorHandleAccessor.java:67)
at java.base/java.lang.reflect.Constructor.newInstanceWithCaller(Constructor.java:499)
at java.base/java.lang.reflect.Constructor.newInstance(Constructor.java:483)
at org.openqa.selenium.remote.W3CHandshakeResponse.lambda$errorHandler$0(W3CHandshakeResponse.java:62)
at org.openqa.selenium.remote.HandshakeResponse.lambda$getResponseFunction$0(HandshakeResponse.java:30)
at org.openqa.selenium.remote.ProtocolHandshake.lambda$createSession$0(ProtocolHandshake.java:126)
at java.base/java.util.stream.ReferencePipeline$3$1.accept(ReferencePipeline.java:197)
at java.base/java.util.Spliterators$ArraySpliterator.tryAdvance(Spliterators.java:1002)
at java.base/java.util.stream.ReferencePipeline.forEachWithCancel(ReferencePipeline.java:129)
at java.base/java.util.stream.AbstractPipeline.copyIntoWithCancel(AbstractPipeline.java:527)
at java.base/java.util.stream.AbstractPipeline.copyInto(AbstractPipeline.java:513)
at java.base/java.util.stream.AbstractPipeline.wrapAndCopyInto(AbstractPipeline.java:499)
at java.base/java.util.stream.FindOps$FindOp.evaluateSequential(FindOps.java:150)
at java.base/java.util.stream.AbstractPipeline.evaluate(AbstractPipeline.java:234)
at java.base/java.util.stream.ReferencePipeline.findFirst(ReferencePipeline.java:647)
at org.openqa.selenium.remote.ProtocolHandshake.createSession(ProtocolHandshake.java:128)
at org.openqa.selenium.remote.ProtocolHandshake.createSession(ProtocolHandshake.java:74)
at org.openqa.selenium.remote.HttpCommandExecutor.execute(HttpCommandExecutor.java:136)
at org.openqa.selenium.remote.service.DriverCommandExecutor.execute(DriverCommandExecutor.java:83)
at org.openqa.selenium.remote.RemoteWebDriver.execute(RemoteWebDriver.java:552)
at org.openqa.selenium.remote.RemoteWebDriver.startSession(RemoteWebDriver.java:213)
at org.openqa.selenium.remote.RemoteWebDriver.<init>(RemoteWebDriver.java:131)
at org.openqa.selenium.chrome.ChromeDriver.<init>(ChromeDriver.java:181)
at org.openqa.selenium.chrome.ChromeDriver.<init>(ChromeDriver.java:168)
at org.openqa.selenium.chrome.ChromeDriver.<init>(ChromeDriver.java:123)
at datepicker.BrowserSelection.usingChrome(BrowserSelection.java:13)
at datepicker.MakeMyTripDateTest.openBrowser(MakeMyTripDateTest.java:33)
at java.base/jdk.internal.reflect.DirectMethodHandleAccessor.invoke(DirectMethodHandleAccessor.java:104)
at java.base/java.lang.reflect.Method.invoke(Method.java:577)
at org.testng.internal.MethodInvocationHelper.invokeMethod(MethodInvocationHelper.java:133)
at org.testng.internal.MethodInvocationHelper.invokeMethodConsideringTimeout(MethodInvocationHelper.java:62)
at org.testng.internal.ConfigInvoker.invokeConfigurationMethod(ConfigInvoker.java:385)
at org.testng.internal.ConfigInvoker.invokeConfigurations(ConfigInvoker.java:321)
at org.testng.internal.TestInvoker.runConfigMethods(TestInvoker.java:700)
at org.testng.internal.TestInvoker.invokeMethod(TestInvoker.java:527)
at org.testng.internal.TestInvoker.invokeTestMethod(TestInvoker.java:173)
at org.testng.internal.MethodRunner.runInSequence(MethodRunner.java:46)
at org.testng.internal.TestInvoker$MethodInvocationAgent.invoke(TestInvoker.java:824)
at org.testng.internal.TestInvoker.invokeTestMethods(TestInvoker.java:146)
at org.testng.internal.TestMethodWorker.invokeTestMethods(TestMethodWorker.java:146)
at org.testng.internal.TestMethodWorker.run(TestMethodWorker.java:128)
at java.base/java.util.ArrayList.forEach(ArrayList.java:1511)
at org.testng.TestRunner.privateRun(TestRunner.java:794)
at org.testng.TestRunner.run(TestRunner.java:596)
at org.testng.SuiteRunner.runTest(SuiteRunner.java:377)
at org.testng.SuiteRunner.runSequentially(SuiteRunner.java:371)
at org.testng.SuiteRunner.privateRun(SuiteRunner.java:332)
at org.testng.SuiteRunner.run(SuiteRunner.java:276)
at org.testng.SuiteRunnerWorker.runSuite(SuiteRunnerWorker.java:53)
at org.testng.SuiteRunnerWorker.run(SuiteRunnerWorker.java:96)
at org.testng.TestNG.runSuitesSequentially(TestNG.java:1212)
at org.testng.TestNG.runSuitesLocally(TestNG.java:1134)
at org.testng.TestNG.runSuites(TestNG.java:1063)
at org.testng.TestNG.run(TestNG.java:1031)
at org.testng.remote.AbstractRemoteTestNG.run(AbstractRemoteTestNG.java:115)
at org.testng.remote.RemoteTestNG.initAndRun(RemoteTestNG.java:251)
at org.testng.remote.RemoteTestNG.main(RemoteTestNG.java:77)
]]>
    </error>
  </testcase> <!-- openBrowser -->
  <system-out/>
  <testcase classname="datepicker.MakeMyTripDateTest" name="tripDetails" time="0.000">
    <skipped/>
  </testcase> <!-- tripDetails -->
  <system-out/>
</testsuite> <!-- datepicker.MakeMyTripDateTest -->
